<?xml version="1.0" encoding="UTF-8"?>
<!-- Generated by org.testng.reporters.JUnitReportReporter -->
<testsuite skipped="0" hostname="Shaikhs-MBP.home" name="com.bit.ui.test.BaseTest" tests="2" failures="0" timestamp="01 Sep 2019 23:35:24 GMT" time="0.019" errors="0">
  <testcase name="f" time="0.009" classname="com.bit.ui.test.BaseTest"/>
  <testcase name="f" time="0.010" classname="com.bit.ui.test.BaseTest"/>
</testsuite> <!-- com.bit.ui.test.BaseTest -->
