<?xml version="1.0" encoding="UTF-8"?>
<!-- Generated by org.testng.reporters.JUnitReportReporter -->
<testsuite skipped="0" hostname="Shaikhs-MBP.home" name="com.bit.ui.test.SmokeTest" tests="1" failures="0" timestamp="01 Sep 2019 23:05:27 GMT" time="0.008" errors="0">
  <testcase name="test2" time="0.008" classname="com.bit.ui.test.SmokeTest"/>
</testsuite> <!-- com.bit.ui.test.SmokeTest -->
